PS E:\User> .\logging.ps1 "0b3b6fd50c371825" "W"
--------- beginning of system
02-10 21:45:30.332 11810 11970 W Adreno-EGL: <qeglDrvAPI_eglGetConfigAttrib:607>: EGL_BAD_ATTRIBUTE
02-10 21:45:30.334 11810 11970 W Adreno-EGL: <qeglDrvAPI_eglGetConfigAttrib:607>: EGL_BAD_ATTRIBUTE
02-10 21:45:30.362 11810 11967 W LogFactory: Truncating log tag length as it exceed 23, the limit imposed by Android on certain API Levels
02-10 21:45:30.363 11810 11967 W LogFactory: Truncating log tag length as it exceed 23, the limit imposed by Android on certain API Levels
02-10 21:45:30.486 11810 11967 W LogFactory: Truncating log tag length as it exceed 23, the limit imposed by Android on certain API Levels
02-10 21:45:30.808 11810 11970 W Adreno-EGL: <qeglDrvAPI_eglGetConfigAttrib:607>: EGL_BAD_ATTRIBUTE
02-10 21:45:31.546 11810 11970 W Adreno-EGL: <qeglDrvAPI_eglGetConfigAttrib:607>: EGL_BAD_ATTRIBUTE
02-10 21:45:31.605 11810 11810 E TransferService: No notification is passed in the intent. Unable to transition to foreground.
02-10 21:46:03.168 11810 11970 W Adreno-EGL: <qeglDrvAPI_eglGetConfigAttrib:607>: EGL_BAD_ATTRIBUTE
02-10 21:46:07.469 11810 11970 W Adreno-EGL: <qeglDrvAPI_eglGetConfigAttrib:607>: EGL_BAD_ATTRIBUTE
02-10 21:46:53.370 11810 11810 W NearbyFragment: Started downloading SUM:-7170495985660213839:test02.mp4
02-10 21:47:12.180 11810 11810 W NearbyFragment: Completed downloading test02.mp4
02-10 21:47:18.884 11810 11810 W NearbyFragment: Started downloading SUM:-8755575598062631976:test05.mp4
02-10 21:47:22.664 11810 11810 W NearbyFragment: Completed downloading test05.mp4
02-10 21:47:45.715 11810 11810 W NearbyFragment: Started downloading SUM:-5655145527264302375:test08.mp4
02-10 21:47:49.881 11810 11810 W NearbyFragment: Completed downloading test08.mp4
02-10 21:47:57.627 11810 11810 W NearbyFragment: Started downloading SUM:-9107366170294439997:test11.mp4
02-10 21:48:09.776 11810 11810 W NearbyFragment: Completed downloading test11.mp4
02-10 21:49:32.224 11810 12321 W Summariser: Summarisation completed
02-10 21:49:32.224 11810 12321 W Summariser:   filename: /storage/emulated/0/Download/Nearby/test02.mp4
02-10 21:49:32.224 11810 12321 W Summariser:   time: 139s
02-10 21:49:32.224 11810 12321 W Summariser:   noise tolerance: 60.00
02-10 21:49:32.224 11810 12321 W Summariser:   quality: 23
02-10 21:49:32.224 11810 12321 W Summariser:   speed: medium
02-10 21:50:39.011 11810 12321 W Summariser: Summarisation completed
02-10 21:50:39.011 11810 12321 W Summariser:   filename: /storage/emulated/0/Download/Nearby/test05.mp4
02-10 21:50:39.011 11810 12321 W Summariser:   time: 66s
02-10 21:50:39.011 11810 12321 W Summariser:   noise tolerance: 60.00
02-10 21:50:39.011 11810 12321 W Summariser:   quality: 23
02-10 21:50:39.011 11810 12321 W Summariser:   speed: medium
02-10 21:52:28.896 11810 12321 W Summariser: Summarisation completed
02-10 21:52:28.896 11810 12321 W Summariser:   filename: /storage/emulated/0/Download/Nearby/test08.mp4
02-10 21:52:28.896 11810 12321 W Summariser:   time: 109s
02-10 21:52:28.896 11810 12321 W Summariser:   noise tolerance: 60.00
02-10 21:52:28.896 11810 12321 W Summariser:   quality: 23
02-10 21:52:28.896 11810 12321 W Summariser:   speed: medium
02-10 21:54:26.069 11810 12321 W Summariser: Summarisation completed
02-10 21:54:26.069 11810 12321 W Summariser:   filename: /storage/emulated/0/Download/Nearby/test11.mp4
02-10 21:54:26.069 11810 12321 W Summariser:   time: 116s
02-10 21:54:26.069 11810 12321 W Summariser:   noise tolerance: 60.00
02-10 21:54:26.069 11810 12321 W Summariser:   quality: 23
02-10 21:54:26.069 11810 12321 W Summariser:   speed: medium
