PS E:\User> adb -s $n5x_8f logcat --pid ((adb -s $n5x_8f shell ps | findstr com.example.edgesum) -split "\s+")[1] *:W
02-10 19:29:09.509  6040  6092 W LogFactory: Truncating log tag length as it exceed 23, the limit imposed by Android on certain API Levels
02-10 19:29:09.510  6040  6092 W LogFactory: Truncating log tag length as it exceed 23, the limit imposed by Android on certain API Levels
02-10 19:29:09.690  6040  6092 W LogFactory: Truncating log tag length as it exceed 23, the limit imposed by Android on certain API Levels
02-10 19:29:10.469  6040  6040 W LogFactory: Truncating log tag length as it exceed 23, the limit imposed by Android on certain API Levels
02-10 19:29:10.486  6040  6040 E TransferService: No notification is passed in the intent. Unable to transition to foreground.
02-10 19:30:16.467  6040  6040 W NearbyFragment: Started downloading SUM:-6902767311426544887:test00.mp4
02-10 19:30:17.814  6040  6040 W NearbyFragment: Completed downloading test00.mp4
02-10 19:30:18.997  6040  6040 W NearbyFragment: Started downloading SUM:-9032109571928682273:test02.mp4
02-10 19:30:32.709  6040  6040 W NearbyFragment: Completed downloading test02.mp4
02-10 19:30:37.026  6040  6040 W NearbyFragment: Started downloading SUM:-6339838567900726395:test04.mp4
02-10 19:30:39.294  6040  6040 W NearbyFragment: Completed downloading test04.mp4
02-10 19:30:42.140  6040  6040 W NearbyFragment: Started downloading SUM:-5784350897189573303:test06.mp4
02-10 19:30:48.910  6040  6040 W NearbyFragment: Completed downloading test06.mp4
02-10 19:31:00.525  6040  6040 W NearbyFragment: Started downloading SUM:-8846186696003235352:test08.mp4
02-10 19:31:04.073  6040  6040 W NearbyFragment: Completed downloading test08.mp4
02-10 19:31:08.682  6040  6040 W NearbyFragment: Started downloading SUM:-7759818720871942536:test10.mp4
02-10 19:31:11.657  6040  6040 W NearbyFragment: Completed downloading test10.mp4
02-10 19:33:16.901  6040  6442 W Summariser: Summarisation completed
02-10 19:33:16.901  6040  6442 W Summariser:   filename: /storage/emulated/0/Download/Nearby/test00.mp4
02-10 19:33:16.901  6040  6442 W Summariser:   time: 178s
02-10 19:33:16.901  6040  6442 W Summariser:   noise tolerance: 60.00
02-10 19:33:16.901  6040  6442 W Summariser:   quality: 23
02-10 19:33:16.901  6040  6442 W Summariser:   speed: medium
02-10 19:35:19.537  6040  6442 W Summariser: Summarisation completed
02-10 19:35:19.537  6040  6442 W Summariser:   filename: /storage/emulated/0/Download/Nearby/test02.mp4
02-10 19:35:19.537  6040  6442 W Summariser:   time: 122s
02-10 19:35:19.537  6040  6442 W Summariser:   noise tolerance: 60.00
02-10 19:35:19.537  6040  6442 W Summariser:   quality: 23
02-10 19:35:19.537  6040  6442 W Summariser:   speed: medium
02-10 19:39:32.927  6040  6442 W Summariser: Summarisation completed
02-10 19:39:32.927  6040  6442 W Summariser:   filename: /storage/emulated/0/Download/Nearby/test04.mp4
02-10 19:39:32.927  6040  6442 W Summariser:   time: 253s
02-10 19:39:32.927  6040  6442 W Summariser:   noise tolerance: 60.00
02-10 19:39:32.927  6040  6442 W Summariser:   quality: 23
02-10 19:39:32.927  6040  6442 W Summariser:   speed: medium
02-10 19:53:26.042  6040  6442 W Summariser: Summarisation completed
02-10 19:53:26.042  6040  6442 W Summariser:   filename: /storage/emulated/0/Download/Nearby/test06.mp4
02-10 19:53:26.042  6040  6442 W Summariser:   time: 833s
02-10 19:53:26.042  6040  6442 W Summariser:   noise tolerance: 60.00
02-10 19:53:26.042  6040  6442 W Summariser:   quality: 23
02-10 19:53:26.042  6040  6442 W Summariser:   speed: medium
02-10 19:54:57.587  6040  6442 W Summariser: Summarisation completed
02-10 19:54:57.587  6040  6442 W Summariser:   filename: /storage/emulated/0/Download/Nearby/test08.mp4
02-10 19:54:57.587  6040  6442 W Summariser:   time: 91s
02-10 19:54:57.587  6040  6442 W Summariser:   noise tolerance: 60.00
02-10 19:54:57.587  6040  6442 W Summariser:   quality: 23
02-10 19:54:57.587  6040  6442 W Summariser:   speed: medium
02-10 19:56:31.266  6040  6442 W Summariser: Summarisation completed
02-10 19:56:31.266  6040  6442 W Summariser:   filename: /storage/emulated/0/Download/Nearby/test10.mp4
02-10 19:56:31.266  6040  6442 W Summariser:   time: 93s
02-10 19:56:31.266  6040  6442 W Summariser:   noise tolerance: 60.00
02-10 19:56:31.266  6040  6442 W Summariser:   quality: 23
02-10 19:56:31.266  6040  6442 W Summariser:   speed: medium
