02-12 20:05:35.498  7143  7143 W NearbyFragment: Sending 20191028_171616_NF.mp4 to Nexus 5X [94nVACwb]
02-12 20:05:47.023  7143  7155 W System  : A resource failed to call close.
02-12 20:05:50.334  7143  7143 W NearbyFragment: Sending 20191028_171716_NF.mp4 to Nexus 5X [Li7XCB6a]
02-12 20:06:04.377  7143  7143 W NearbyFragment: Sending 20191028_171746_EF.mp4 to Nexus 5 [X4i7JHzi]
02-12 20:06:29.060  7143  7143 W NearbyFragment: Sending 20191028_171846_NF.mp4 to Nexus 5X [94nVACwb]
02-12 20:06:30.728  7143  7155 W System  : A resource failed to call close.
02-12 20:06:30.729  7143  7155 W System  : A resource failed to call close.
02-12 20:06:58.048  7143  7143 W NearbyFragment: Sending 20191028_180605_NF.mp4 to Nexus 5X [Li7XCB6a]
02-12 20:07:18.570  7143  7155 W System  : A resource failed to call close.
02-12 20:07:18.571  7143  7155 W System  : A resource failed to call close.
02-12 20:07:18.571  7143  7155 W System  : A resource failed to call close.
02-12 20:07:20.406  7143  7143 W NearbyFragment: Completed downloading 20191028_171716_NF.mp4 in 37.995s
02-12 20:07:24.134  7143  7143 W NearbyFragment: Sending 20191028_180615_EF.mp4 to Nexus 5 [X4i7JHzi]
02-12 20:07:26.044  7143  7143 W NearbyFragment: Sending 20191028_180715_NF.mp4 to Nexus 5X [94nVACwb]
02-12 20:07:51.105  7143  7143 W NearbyFragment: Completed downloading 20191028_171616_NF.mp4 in 43.660s
02-12 20:07:56.489  7143  7143 W NearbyFragment: Sending 20191028_180815_NF.mp4 to Nexus 5X [Li7XCB6a]
02-12 20:08:03.583  7143  7143 W NearbyFragment: Sending 20191028_180915_NF.mp4 to Nexus 5 [X4i7JHzi]
02-12 20:08:06.067  7143  7155 W System  : A resource failed to call close.
02-12 20:08:06.069  7143  7155 W System  : A resource failed to call close.
02-12 20:08:08.937  7143  7143 W NearbyFragment: Completed downloading 20191028_180605_NF.mp4 in 23.371s
02-12 20:08:10.246  7143  7143 W NearbyFragment: Sending 20191028_181015_NF.mp4 to Nexus 5X [94nVACwb]
02-12 20:08:55.544  7143  7143 W NearbyFragment: Sending 20191028_181115_NF.mp4 to Nexus 5X [Li7XCB6a]
02-12 20:09:11.543  7143  7155 W System  : A resource failed to call close.
02-12 20:09:11.546  7143  7155 W System  : A resource failed to call close.
02-12 20:09:33.014  7143  7143 W NearbyFragment: Completed downloading 20191028_171746_EF.mp4 in 59.479s
02-12 20:09:38.177  7143  7143 W NearbyFragment: Sending 20191028_181159_PF.mp4 to Nexus 5 [X4i7JHzi]
02-12 20:09:48.786  7143  7143 W NearbyFragment: Completed downloading 20191028_171846_NF.mp4 in 40.194s
02-12 20:09:54.121  7143  7143 W NearbyFragment: Sending 20191028_181359_PF.mp4 to Nexus 5X [94nVACwb]
02-12 20:09:55.960  7143  7143 W NearbyFragment: Sending 20191030_161051_NF.mp4 to Nexus 5X [Li7XCB6a]
02-12 20:09:56.099  7143  7155 W System  : A resource failed to call close.
02-12 20:09:56.100  7143  7155 W System  : A resource failed to call close.
02-12 20:10:36.869  7143  7143 W NearbyFragment: Sending 20191030_165129_NF.mp4 to Nexus 5 [X4i7JHzi]
02-12 20:11:04.217  7143  7155 W System  : A resource failed to call close.
02-12 20:11:04.218  7143  7155 W System  : A resource failed to call close.
02-12 20:11:08.728  7143  7143 W NearbyFragment: Sending 20191030_165229_NF.mp4 to Nexus 5X [94nVACwb]
02-12 20:11:12.898  7143  7143 W NearbyFragment: Completed downloading 20191028_180715_NF.mp4 in 12.573s
02-12 20:11:13.691  7143  7143 W NearbyFragment: Sending 20191030_165329_NF.mp4 to Nexus 5X [Li7XCB6a]
02-12 20:11:27.339  7143  7143 W NearbyFragment: Sending 20191030_165429_NF.mp4 to Nexus 5 [X4i7JHzi]
02-12 20:12:03.283  7143  7143 W NearbyFragment: Sending 20191030_165530_NF.mp4 to Nexus 5X [94nVACwb]
02-12 20:12:04.567  7143  7155 W System  : A resource failed to call close.
02-12 20:12:04.569  7143  7155 W System  : A resource failed to call close.
02-12 20:12:45.452  7143  7143 W NearbyFragment: Sending 20191030_212910_NF.mp4 to Nexus 5X [Li7XCB6a]
02-12 20:13:10.645  7143  7143 W NearbyFragment: Sending 20191030_213010_NF.mp4 to Nexus 5 [X4i7JHzi]
02-12 20:13:10.866  7143  7155 W System  : A resource failed to call close.
02-12 20:13:10.867  7143  7155 W System  : A resource failed to call close.
02-12 20:13:48.462  7143  7143 W NearbyFragment: Sending 20191030_220901_NF.mp4 to Nexus 5X [94nVACwb]
02-12 20:14:28.011  7143  7155 W System  : A resource failed to call close.
02-12 20:14:29.223  7143  7143 W NearbyFragment: Sending 20191030_221001_NF.mp4 to Nexus 5X [Li7XCB6a]
02-12 20:14:51.447  7143  7143 W NearbyFragment: Sending 20191030_221101_NF.mp4 to Nexus 5 [X4i7JHzi]
02-12 20:15:25.464  7143  7143 W NearbyFragment: Sending 20191030_221201_NF.mp4 to Nexus 5X [94nVACwb]
02-12 20:15:25.839  7143  7155 W System  : A resource failed to call close.
02-12 20:15:25.840  7143  7155 W System  : A resource failed to call close.
02-12 20:15:41.562  7143  7143 W NearbyFragment: Sending 20191030_221302_NF.mp4 to Nexus 5X [Li7XCB6a]
02-12 20:16:31.944  7143  7155 W System  : A resource failed to call close.
02-12 20:19:50.046  7143  7143 W example.edgesu: Accessing hidden method Landroid/view/View;->getTransitionAlpha()F (light greylist, reflection)
02-12 20:19:50.096  7143  7143 W example.edgesu: Accessing hidden field Landroid/view/View;->mViewFlags:I (light greylist, reflection)
02-12 20:19:50.102  7143  7143 W example.edgesu: Accessing hidden method Landroid/view/View;->setTransitionAlpha(F)V (light greylist, reflection)
02-12 20:19:50.104  7143  7143 W example.edgesu: Accessing hidden method Landroid/view/ViewGroup;->suppressLayout(Z)V (light greylist, reflection)
02-12 20:19:50.109  7143  7143 W example.edgesu: Accessing hidden method Landroid/view/View;->setLeftTopRightBottom(IIII)V (light greylist, reflection)
02-12 20:19:56.624  7143  7143 W NearbyFragment: Completed downloading 20191030_220901_NF.mp4 in 46.171s
02-12 20:23:40.511  7143  7155 W System  : A resource failed to call close.
02-12 20:23:40.514  7143  7155 W System  : A resource failed to call close.
02-12 20:23:55.714  7143  7143 W NearbyFragment: Completed downloading 20191030_161051_NF.mp4 in 19.653s
02-12 20:30:25.507  7143  7143 W NearbyFragment: Completed downloading 20191028_180615_EF.mp4 in 42.430s
02-12 20:39:19.985  7143  7143 W NearbyFragment: Completed downloading 20191030_221001_NF.mp4 in 10.496s
02-12 20:40:27.105  7143  7143 W NearbyFragment: Completed downloading 20191030_165129_NF.mp4 in 06.482s
02-12 20:42:04.322  7143  7143 W NearbyFragment: Completed downloading 20191030_165429_NF.mp4 in 03.264s
02-12 20:52:28.935  7143  7155 W System  : A resource failed to call close.
02-12 20:52:28.943  7143  7155 W System  : A resource failed to call close.
02-12 20:52:30.770  7143  7143 W NearbyFragment: Completed downloading 20191030_221302_NF.mp4 in 08.617s
