02-28 22:41:21.610  4273  4273 E TransferService: No notification is passed in the intent. Unable to transition to foreground.
02-28 22:45:43.692  4273  4273 W NearbyFragment: Completed downloading 20191028_171716_NF.mp4 in 27.247s
02-28 22:45:43.943  4273  6808 W mobile-ffmpeg:
02-28 22:45:43.944  4273  6808 W mobile-ffmpeg: [mov,mp4,m4a,3gp,3g2,mj2 @ 0x8dcc0e00]
02-28 22:45:43.944  4273  6808 W mobile-ffmpeg:
02-28 22:45:43.944  4273  6808 W mobile-ffmpeg: Found duplicated MOOV Atom. Skipped it
02-28 22:46:27.640  4273  6807 W Summariser: Whole video is active
02-28 22:46:32.051  4273  6807 W Summariser: Summarisation completed
02-28 22:46:32.051  4273  6807 W Summariser:   filename: /storage/emulated/0/Download/Nearby/20191028_171716_NF.mp4
02-28 22:46:32.051  4273  6807 W Summariser:   time: 48.157s
02-28 22:46:32.051  4273  6807 W Summariser:   noise tolerance: 38.00
02-28 22:46:32.051  4273  6807 W Summariser:   quality: 23
02-28 22:46:32.051  4273  6807 W Summariser:   speed: medium
02-28 22:47:50.958  4273  4273 W NearbyFragment: Completed downloading 20191028_180615_EF.mp4 in 78.164s
02-28 22:47:51.065  4273  6808 W mobile-ffmpeg:
02-28 22:47:51.065  4273  6808 W mobile-ffmpeg: [mov,mp4,m4a,3gp,3g2,mj2 @ 0x8dcc1400]
02-28 22:47:51.065  4273  6808 W mobile-ffmpeg:
02-28 22:47:51.065  4273  6808 W mobile-ffmpeg: Found duplicated MOOV Atom. Skipped it
02-28 22:49:23.957  4273  7129 W Summariser: 3 active sections found
02-28 22:49:23.976  4273  6808 W mobile-ffmpeg:
02-28 22:49:23.976  4273  6808 W mobile-ffmpeg: [mov,mp4,m4a,3gp,3g2,mj2 @ 0x8897d400]
02-28 22:49:23.976  4273  6808 W mobile-ffmpeg:
02-28 22:49:23.976  4273  6808 W mobile-ffmpeg: Found duplicated MOOV Atom. Skipped it
02-28 23:07:42.478  4273  7129 W Summariser: Summarisation completed
02-28 23:07:42.478  4273  7129 W Summariser:   filename: /storage/emulated/0/Download/Nearby/20191028_180615_EF.mp4
02-28 23:07:42.478  4273  7129 W Summariser:   time: 1191.418s
02-28 23:07:42.478  4273  7129 W Summariser:   noise tolerance: 38.00
02-28 23:07:42.478  4273  7129 W Summariser:   quality: 23
02-28 23:07:42.478  4273  7129 W Summariser:   speed: medium
