PS E:\User> .\logging.ps1 "00a6a4630f4e34d8" "W"
--------- beginning of system
02-10 21:45:23.730 13248 13386 W LogFactory: Truncating log tag length as it exceed 23, the limit imposed by Android on certain API Levels
02-10 21:45:23.731 13248 13386 W LogFactory: Truncating log tag length as it exceed 23, the limit imposed by Android on certain API Levels
02-10 21:45:23.904 13248 13386 W LogFactory: Truncating log tag length as it exceed 23, the limit imposed by Android on certain API Levels
02-10 21:45:25.065 13248 13248 E TransferService: No notification is passed in the intent. Unable to transition to foreground.
02-10 21:46:50.263 13248 13248 W NearbyFragment: Started downloading SUM:-5728811535247701452:test00.mp4
02-10 21:46:52.038 13248 13248 W NearbyFragment: Completed downloading test00.mp4
02-10 21:47:12.304 13248 13248 W NearbyFragment: Started downloading SUM:-5565103700364258640:test03.mp4
02-10 21:47:16.459 13248 13248 W NearbyFragment: Completed downloading test03.mp4
02-10 21:47:23.009 13248 13248 W NearbyFragment: Started downloading SUM:-7068780468716212004:test06.mp4
02-10 21:47:28.530 13248 13248 W NearbyFragment: Completed downloading test06.mp4
02-10 21:47:50.238 13248 13248 W NearbyFragment: Started downloading SUM:-6389360922580998782:test09.mp4
02-10 21:47:53.920 13248 13248 W NearbyFragment: Completed downloading test09.mp4
02-10 21:49:24.886 13248 13656 W Summariser: Summarisation completed
02-10 21:49:24.886 13248 13656 W Summariser:   filename: /storage/emulated/0/Download/Nearby/test00.mp4
02-10 21:49:24.886 13248 13656 W Summariser:   time: 152s
02-10 21:49:24.886 13248 13656 W Summariser:   noise tolerance: 60.00
02-10 21:49:24.886 13248 13656 W Summariser:   quality: 23
02-10 21:49:24.886 13248 13656 W Summariser:   speed: medium
02-10 21:57:06.839 13248 13656 W Summariser: Summarisation completed
02-10 21:57:06.839 13248 13656 W Summariser:   filename: /storage/emulated/0/Download/Nearby/test03.mp4
02-10 21:57:06.839 13248 13656 W Summariser:   time: 461s
02-10 21:57:06.839 13248 13656 W Summariser:   noise tolerance: 60.00
02-10 21:57:06.839 13248 13656 W Summariser:   quality: 23
02-10 21:57:06.839 13248 13656 W Summariser:   speed: medium
02-10 22:11:10.519 13248 13656 W Summariser: Summarisation completed
02-10 22:11:10.519 13248 13656 W Summariser:   filename: /storage/emulated/0/Download/Nearby/test06.mp4
02-10 22:11:10.519 13248 13656 W Summariser:   time: 843s
02-10 22:11:10.519 13248 13656 W Summariser:   noise tolerance: 60.00
02-10 22:11:10.519 13248 13656 W Summariser:   quality: 23
02-10 22:11:10.519 13248 13656 W Summariser:   speed: medium
02-10 22:12:44.129 13248 13656 W Summariser: Summarisation completed
02-10 22:12:44.129 13248 13656 W Summariser:   filename: /storage/emulated/0/Download/Nearby/test09.mp4
02-10 22:12:44.129 13248 13656 W Summariser:   time: 93s
02-10 22:12:44.129 13248 13656 W Summariser:   noise tolerance: 60.00
02-10 22:12:44.129 13248 13656 W Summariser:   quality: 23
02-10 22:12:44.129 13248 13656 W Summariser:   speed: medium
