PS E:\User> adb -s $n5 logcat --pid ((adb -s $n5 shell ps | findstr com.example.edgesum) -split "\s+")[1] *:W
02-10 19:28:24.983  3835  3843 E zygote  : Failed sending reply to debugger: Broken pipe
02-10 19:29:11.118  3835  3926 W Adreno-EGL: <qeglDrvAPI_eglGetConfigAttrib:607>: EGL_BAD_ATTRIBUTE
02-10 19:29:11.120  3835  3926 W Adreno-EGL: <qeglDrvAPI_eglGetConfigAttrib:607>: EGL_BAD_ATTRIBUTE
02-10 19:29:11.210  3835  3923 W LogFactory: Truncating log tag length as it exceed 23, the limit imposed by Android on certain API Levels
02-10 19:29:11.211  3835  3923 W LogFactory: Truncating log tag length as it exceed 23, the limit imposed by Android on certain API Levels
02-10 19:29:11.325  3835  3923 W LogFactory: Truncating log tag length as it exceed 23, the limit imposed by Android on certain API Levels
02-10 19:29:11.630  3835  3926 W Adreno-EGL: <qeglDrvAPI_eglGetConfigAttrib:607>: EGL_BAD_ATTRIBUTE
02-10 19:29:12.373  3835  3926 W Adreno-EGL: <qeglDrvAPI_eglGetConfigAttrib:607>: EGL_BAD_ATTRIBUTE
02-10 19:29:12.436  3835  3835 W LogFactory: Truncating log tag length as it exceed 23, the limit imposed by Android on certain API Levels
02-10 19:29:12.471  3835  3835 E TransferService: No notification is passed in the intent. Unable to transition to foreground.
02-10 19:29:32.363  3835  3926 W Adreno-EGL: <qeglDrvAPI_eglGetConfigAttrib:607>: EGL_BAD_ATTRIBUTE
02-10 19:29:40.644  3835  3926 W Adreno-EGL: <qeglDrvAPI_eglGetConfigAttrib:607>: EGL_BAD_ATTRIBUTE
02-10 19:30:17.876  3835  3835 W NearbyFragment: Started downloading SUM:-8250685186140976586:test01.mp4
02-10 19:30:18.626  3835  3835 W NearbyFragment: Completed downloading test01.mp4
02-10 19:30:32.773  3835  3835 W NearbyFragment: Started downloading SUM:-6545230361340034792:test03.mp4
02-10 19:30:36.593  3835  3835 W NearbyFragment: Completed downloading test03.mp4
02-10 19:30:39.327  3835  3835 W NearbyFragment: Started downloading SUM:-6894966435867008648:test05.mp4
02-10 19:30:41.869  3835  3835 W NearbyFragment: Completed downloading test05.mp4
02-10 19:30:49.028  3835  3835 W NearbyFragment: Started downloading SUM:-8492986045197596169:test07.mp4
02-10 19:31:00.257  3835  3835 W NearbyFragment: Completed downloading test07.mp4
02-10 19:31:04.179  3835  3835 W NearbyFragment: Started downloading SUM:-6815808011587546776:test09.mp4
02-10 19:31:08.445  3835  3835 W NearbyFragment: Completed downloading test09.mp4
02-10 19:31:11.686  3835  3835 W NearbyFragment: Started downloading SUM:-5929645547273990669:test11.mp4
02-10 19:31:23.207  3835  3835 W NearbyFragment: Completed downloading test11.mp4
02-10 19:31:28.608  3835  4323 W Summariser: Summarisation completed
02-10 19:31:28.608  3835  4323 W Summariser:   filename: /storage/emulated/0/Download/Nearby/test01.mp4
02-10 19:31:28.608  3835  4323 W Summariser:   time: 69s
02-10 19:31:28.608  3835  4323 W Summariser:   noise tolerance: 60.00
02-10 19:31:28.608  3835  4323 W Summariser:   quality: 23
02-10 19:31:28.608  3835  4323 W Summariser:   speed: medium
02-10 19:38:15.480  3835  4323 W Summariser: Summarisation completed
02-10 19:38:15.480  3835  4323 W Summariser:   filename: /storage/emulated/0/Download/Nearby/test03.mp4
02-10 19:38:15.480  3835  4323 W Summariser:   time: 406s
02-10 19:38:15.480  3835  4323 W Summariser:   noise tolerance: 60.00
02-10 19:38:15.480  3835  4323 W Summariser:   quality: 23
02-10 19:38:15.480  3835  4323 W Summariser:   speed: medium
02-10 19:39:29.613  3835  4323 W Summariser: Summarisation completed
02-10 19:39:29.613  3835  4323 W Summariser:   filename: /storage/emulated/0/Download/Nearby/test05.mp4
02-10 19:39:29.613  3835  4323 W Summariser:   time: 74s
02-10 19:39:29.613  3835  4323 W Summariser:   noise tolerance: 60.00
02-10 19:39:29.613  3835  4323 W Summariser:   quality: 23
02-10 19:39:29.613  3835  4323 W Summariser:   speed: medium
02-10 19:57:10.436  3835  4323 W Summariser: Summarisation completed
02-10 19:57:10.436  3835  4323 W Summariser:   filename: /storage/emulated/0/Download/Nearby/test07.mp4
02-10 19:57:10.436  3835  4323 W Summariser:   time: 1060s
02-10 19:57:10.436  3835  4323 W Summariser:   noise tolerance: 60.00
02-10 19:57:10.436  3835  4323 W Summariser:   quality: 23
02-10 19:57:10.436  3835  4323 W Summariser:   speed: medium
02-10 19:59:04.593  3835  4323 W Summariser: Summarisation completed
02-10 19:59:04.593  3835  4323 W Summariser:   filename: /storage/emulated/0/Download/Nearby/test09.mp4
02-10 19:59:04.593  3835  4323 W Summariser:   time: 114s
02-10 19:59:04.593  3835  4323 W Summariser:   noise tolerance: 60.00
02-10 19:59:04.593  3835  4323 W Summariser:   quality: 23
02-10 19:59:04.593  3835  4323 W Summariser:   speed: medium
02-10 20:00:55.767  3835  4323 W Summariser: Summarisation completed
02-10 20:00:55.767  3835  4323 W Summariser:   filename: /storage/emulated/0/Download/Nearby/test11.mp4
02-10 20:00:55.767  3835  4323 W Summariser:   time: 110s
02-10 20:00:55.767  3835  4323 W Summariser:   noise tolerance: 60.00
02-10 20:00:55.767  3835  4323 W Summariser:   quality: 23
02-10 20:00:55.767  3835  4323 W Summariser:   speed: medium
